[2023-11-28 03:43:42] local.ERROR: could not find driver (SQL: select * from information_schema.tables where table_schema = tinderDog and table_name = migrations and table_type = 'BASE TABLE') {"exception":"[object] (Illuminate\\Database\\QueryException(code: 0): could not find driver (SQL: select * from information_schema.tables where table_schema = tinderDog and table_name = migrations and table_type = 'BASE TABLE') at C:\\Users\\BENJA\\OneDrive\\Desktop\\backend prueba\\backend-tdw\\vendor\\laravel\\framework\\src\\Illuminate\\Database\\Connection.php:760)
[stacktrace]
#0 C:\\Users\\BENJA\\OneDrive\\Desktop\\backend prueba\\backend-tdw\\vendor\\laravel\\framework\\src\\Illuminate\\Database\\Connection.php(720): Illuminate\\Database\\Connection->runQueryCallback()
#1 C:\\Users\\BENJA\\OneDrive\\Desktop\\backend prueba\\backend-tdw\\vendor\\laravel\\framework\\src\\Illuminate\\Database\\Connection.php(422): Illuminate\\Database\\Connection->run()
#2 C:\\Users\\BENJA\\OneDrive\\Desktop\\backend prueba\\backend-tdw\\vendor\\laravel\\framework\\src\\Illuminate\\Database\\Connection.php(392): Illuminate\\Database\\Connection->select()
#3 C:\\Users\\BENJA\\OneDrive\\Desktop\\backend prueba\\backend-tdw\\vendor\\laravel\\framework\\src\\Illuminate\\Database\\Schema\\MySqlBuilder.php(44): Illuminate\\Database\\Connection->selectFromWriteConnection()
#4 C:\\Users\\BENJA\\OneDrive\\Desktop\\backend prueba\\backend-tdw\\vendor\\laravel\\framework\\src\\Illuminate\\Database\\Migrations\\DatabaseMigrationRepository.php(169): Illuminate\\Database\\Schema\\MySqlBuilder->hasTable()
#5 C:\\Users\\BENJA\\OneDrive\\Desktop\\backend prueba\\backend-tdw\\vendor\\laravel\\framework\\src\\Illuminate\\Database\\Migrations\\Migrator.php(695): Illuminate\\Database\\Migrations\\DatabaseMigrationRepository->repositoryExists()
#6 C:\\Users\\BENJA\\OneDrive\\Desktop\\backend prueba\\backend-tdw\\vendor\\laravel\\framework\\src\\Illuminate\\Database\\Console\\Migrations\\MigrateCommand.php(138): Illuminate\\Database\\Migrations\\Migrator->repositoryExists()
#7 C:\\Users\\BENJA\\OneDrive\\Desktop\\backend prueba\\backend-tdw\\vendor\\laravel\\framework\\src\\Illuminate\\Support\\helpers.php(247): Illuminate\\Database\\Console\\Migrations\\MigrateCommand->Illuminate\\Database\\Console\\Migrations\\{closure}()
#8 C:\\Users\\BENJA\\OneDrive\\Desktop\\backend prueba\\backend-tdw\\vendor\\laravel\\framework\\src\\Illuminate\\Database\\Console\\Migrations\\MigrateCommand.php(157): retry()
#9 C:\\Users\\BENJA\\OneDrive\\Desktop\\backend prueba\\backend-tdw\\vendor\\laravel\\framework\\src\\Illuminate\\Database\\Console\\Migrations\\MigrateCommand.php(114): Illuminate\\Database\\Console\\Migrations\\MigrateCommand->repositoryExists()
#10 C:\\Users\\BENJA\\OneDrive\\Desktop\\backend prueba\\backend-tdw\\vendor\\laravel\\framework\\src\\Illuminate\\Database\\Console\\Migrations\\MigrateCommand.php(82): Illuminate\\Database\\Console\\Migrations\\MigrateCommand->prepareDatabase()
#11 C:\\Users\\BENJA\\OneDrive\\Desktop\\backend prueba\\backend-tdw\\vendor\\laravel\\framework\\src\\Illuminate\\Database\\Migrations\\Migrator.php(628): Illuminate\\Database\\Console\\Migrations\\MigrateCommand->Illuminate\\Database\\Console\\Migrations\\{closure}()
#12 C:\\Users\\BENJA\\OneDrive\\Desktop\\backend prueba\\backend-tdw\\vendor\\laravel\\framework\\src\\Illuminate\\Database\\Console\\Migrations\\MigrateCommand.php(102): Illuminate\\Database\\Migrations\\Migrator->usingConnection()
#13 C:\\Users\\BENJA\\OneDrive\\Desktop\\backend prueba\\backend-tdw\\vendor\\laravel\\framework\\src\\Illuminate\\Container\\BoundMethod.php(36): Illuminate\\Database\\Console\\Migrations\\MigrateCommand->handle()
#14 C:\\Users\\BENJA\\OneDrive\\Desktop\\backend prueba\\backend-tdw\\vendor\\laravel\\framework\\src\\Illuminate\\Container\\Util.php(41): Illuminate\\Container\\BoundMethod::Illuminate\\Container\\{closure}()
#15 C:\\Users\\BENJA\\OneDrive\\Desktop\\backend prueba\\backend-tdw\\vendor\\laravel\\framework\\src\\Illuminate\\Container\\BoundMethod.php(93): Illuminate\\Container\\Util::unwrapIfClosure()
#16 C:\\Users\\BENJA\\OneDrive\\Desktop\\backend prueba\\backend-tdw\\vendor\\laravel\\framework\\src\\Illuminate\\Container\\BoundMethod.php(37): Illuminate\\Container\\BoundMethod::callBoundMethod()
#17 C:\\Users\\BENJA\\OneDrive\\Desktop\\backend prueba\\backend-tdw\\vendor\\laravel\\framework\\src\\Illuminate\\Container\\Container.php(661): Illuminate\\Container\\BoundMethod::call()
#18 C:\\Users\\BENJA\\OneDrive\\Desktop\\backend prueba\\backend-tdw\\vendor\\laravel\\framework\\src\\Illuminate\\Console\\Command.php(183): Illuminate\\Container\\Container->call()
#19 C:\\Users\\BENJA\\OneDrive\\Desktop\\backend prueba\\backend-tdw\\vendor\\symfony\\console\\Command\\Command.php(326): Illuminate\\Console\\Command->execute()
#20 C:\\Users\\BENJA\\OneDrive\\Desktop\\backend prueba\\backend-tdw\\vendor\\laravel\\framework\\src\\Illuminate\\Console\\Command.php(153): Symfony\\Component\\Console\\Command\\Command->run()
#21 C:\\Users\\BENJA\\OneDrive\\Desktop\\backend prueba\\backend-tdw\\vendor\\symfony\\console\\Application.php(1063): Illuminate\\Console\\Command->run()
#22 C:\\Users\\BENJA\\OneDrive\\Desktop\\backend prueba\\backend-tdw\\vendor\\symfony\\console\\Application.php(320): Symfony\\Component\\Console\\Application->doRunCommand()
#23 C:\\Users\\BENJA\\OneDrive\\Desktop\\backend prueba\\backend-tdw\\vendor\\symfony\\console\\Application.php(174): Symfony\\Component\\Console\\Application->doRun()
#24 C:\\Users\\BENJA\\OneDrive\\Desktop\\backend prueba\\backend-tdw\\vendor\\laravel\\framework\\src\\Illuminate\\Console\\Application.php(102): Symfony\\Component\\Console\\Application->run()
#25 C:\\Users\\BENJA\\OneDrive\\Desktop\\backend prueba\\backend-tdw\\vendor\\laravel\\framework\\src\\Illuminate\\Foundation\\Console\\Kernel.php(155): Illuminate\\Console\\Application->run()
#26 C:\\Users\\BENJA\\OneDrive\\Desktop\\backend prueba\\backend-tdw\\artisan(37): Illuminate\\Foundation\\Console\\Kernel->handle()
#27 {main}

[previous exception] [object] (PDOException(code: 0): could not find driver at C:\\Users\\BENJA\\OneDrive\\Desktop\\backend prueba\\backend-tdw\\vendor\\laravel\\framework\\src\\Illuminate\\Database\\Connectors\\Connector.php:70)
[stacktrace]
#0 C:\\Users\\BENJA\\OneDrive\\Desktop\\backend prueba\\backend-tdw\\vendor\\laravel\\framework\\src\\Illuminate\\Database\\Connectors\\Connector.php(70): PDO->__construct()
#1 C:\\Users\\BENJA\\OneDrive\\Desktop\\backend prueba\\backend-tdw\\vendor\\laravel\\framework\\src\\Illuminate\\Database\\Connectors\\Connector.php(46): Illuminate\\Database\\Connectors\\Connector->createPdoConnection()
#2 C:\\Users\\BENJA\\OneDrive\\Desktop\\backend prueba\\backend-tdw\\vendor\\laravel\\framework\\src\\Illuminate\\Database\\Connectors\\MySqlConnector.php(24): Illuminate\\Database\\Connectors\\Connector->createConnection()
#3 C:\\Users\\BENJA\\OneDrive\\Desktop\\backend prueba\\backend-tdw\\vendor\\laravel\\framework\\src\\Illuminate\\Database\\Connectors\\ConnectionFactory.php(184): Illuminate\\Database\\Connectors\\MySqlConnector->connect()
#4 [internal function]: Illuminate\\Database\\Connectors\\ConnectionFactory->Illuminate\\Database\\Connectors\\{closure}()
#5 C:\\Users\\BENJA\\OneDrive\\Desktop\\backend prueba\\backend-tdw\\vendor\\laravel\\framework\\src\\Illuminate\\Database\\Connection.php(1181): call_user_func()
#6 C:\\Users\\BENJA\\OneDrive\\Desktop\\backend prueba\\backend-tdw\\vendor\\laravel\\framework\\src\\Illuminate\\Database\\Connection.php(486): Illuminate\\Database\\Connection->getPdo()
#7 C:\\Users\\BENJA\\OneDrive\\Desktop\\backend prueba\\backend-tdw\\vendor\\laravel\\framework\\src\\Illuminate\\Database\\Connection.php(414): Illuminate\\Database\\Connection->getPdoForSelect()
#8 C:\\Users\\BENJA\\OneDrive\\Desktop\\backend prueba\\backend-tdw\\vendor\\laravel\\framework\\src\\Illuminate\\Database\\Connection.php(753): Illuminate\\Database\\Connection->Illuminate\\Database\\{closure}()
#9 C:\\Users\\BENJA\\OneDrive\\Desktop\\backend prueba\\backend-tdw\\vendor\\laravel\\framework\\src\\Illuminate\\Database\\Connection.php(720): Illuminate\\Database\\Connection->runQueryCallback()
#10 C:\\Users\\BENJA\\OneDrive\\Desktop\\backend prueba\\backend-tdw\\vendor\\laravel\\framework\\src\\Illuminate\\Database\\Connection.php(422): Illuminate\\Database\\Connection->run()
#11 C:\\Users\\BENJA\\OneDrive\\Desktop\\backend prueba\\backend-tdw\\vendor\\laravel\\framework\\src\\Illuminate\\Database\\Connection.php(392): Illuminate\\Database\\Connection->select()
#12 C:\\Users\\BENJA\\OneDrive\\Desktop\\backend prueba\\backend-tdw\\vendor\\laravel\\framework\\src\\Illuminate\\Database\\Schema\\MySqlBuilder.php(44): Illuminate\\Database\\Connection->selectFromWriteConnection()
#13 C:\\Users\\BENJA\\OneDrive\\Desktop\\backend prueba\\backend-tdw\\vendor\\laravel\\framework\\src\\Illuminate\\Database\\Migrations\\DatabaseMigrationRepository.php(169): Illuminate\\Database\\Schema\\MySqlBuilder->hasTable()
#14 C:\\Users\\BENJA\\OneDrive\\Desktop\\backend prueba\\backend-tdw\\vendor\\laravel\\framework\\src\\Illuminate\\Database\\Migrations\\Migrator.php(695): Illuminate\\Database\\Migrations\\DatabaseMigrationRepository->repositoryExists()
#15 C:\\Users\\BENJA\\OneDrive\\Desktop\\backend prueba\\backend-tdw\\vendor\\laravel\\framework\\src\\Illuminate\\Database\\Console\\Migrations\\MigrateCommand.php(138): Illuminate\\Database\\Migrations\\Migrator->repositoryExists()
#16 C:\\Users\\BENJA\\OneDrive\\Desktop\\backend prueba\\backend-tdw\\vendor\\laravel\\framework\\src\\Illuminate\\Support\\helpers.php(247): Illuminate\\Database\\Console\\Migrations\\MigrateCommand->Illuminate\\Database\\Console\\Migrations\\{closure}()
#17 C:\\Users\\BENJA\\OneDrive\\Desktop\\backend prueba\\backend-tdw\\vendor\\laravel\\framework\\src\\Illuminate\\Database\\Console\\Migrations\\MigrateCommand.php(157): retry()
#18 C:\\Users\\BENJA\\OneDrive\\Desktop\\backend prueba\\backend-tdw\\vendor\\laravel\\framework\\src\\Illuminate\\Database\\Console\\Migrations\\MigrateCommand.php(114): Illuminate\\Database\\Console\\Migrations\\MigrateCommand->repositoryExists()
#19 C:\\Users\\BENJA\\OneDrive\\Desktop\\backend prueba\\backend-tdw\\vendor\\laravel\\framework\\src\\Illuminate\\Database\\Console\\Migrations\\MigrateCommand.php(82): Illuminate\\Database\\Console\\Migrations\\MigrateCommand->prepareDatabase()
#20 C:\\Users\\BENJA\\OneDrive\\Desktop\\backend prueba\\backend-tdw\\vendor\\laravel\\framework\\src\\Illuminate\\Database\\Migrations\\Migrator.php(628): Illuminate\\Database\\Console\\Migrations\\MigrateCommand->Illuminate\\Database\\Console\\Migrations\\{closure}()
#21 C:\\Users\\BENJA\\OneDrive\\Desktop\\backend prueba\\backend-tdw\\vendor\\laravel\\framework\\src\\Illuminate\\Database\\Console\\Migrations\\MigrateCommand.php(102): Illuminate\\Database\\Migrations\\Migrator->usingConnection()
#22 C:\\Users\\BENJA\\OneDrive\\Desktop\\backend prueba\\backend-tdw\\vendor\\laravel\\framework\\src\\Illuminate\\Container\\BoundMethod.php(36): Illuminate\\Database\\Console\\Migrations\\MigrateCommand->handle()
#23 C:\\Users\\BENJA\\OneDrive\\Desktop\\backend prueba\\backend-tdw\\vendor\\laravel\\framework\\src\\Illuminate\\Container\\Util.php(41): Illuminate\\Container\\BoundMethod::Illuminate\\Container\\{closure}()
#24 C:\\Users\\BENJA\\OneDrive\\Desktop\\backend prueba\\backend-tdw\\vendor\\laravel\\framework\\src\\Illuminate\\Container\\BoundMethod.php(93): Illuminate\\Container\\Util::unwrapIfClosure()
#25 C:\\Users\\BENJA\\OneDrive\\Desktop\\backend prueba\\backend-tdw\\vendor\\laravel\\framework\\src\\Illuminate\\Container\\BoundMethod.php(37): Illuminate\\Container\\BoundMethod::callBoundMethod()
#26 C:\\Users\\BENJA\\OneDrive\\Desktop\\backend prueba\\backend-tdw\\vendor\\laravel\\framework\\src\\Illuminate\\Container\\Container.php(661): Illuminate\\Container\\BoundMethod::call()
#27 C:\\Users\\BENJA\\OneDrive\\Desktop\\backend prueba\\backend-tdw\\vendor\\laravel\\framework\\src\\Illuminate\\Console\\Command.php(183): Illuminate\\Container\\Container->call()
#28 C:\\Users\\BENJA\\OneDrive\\Desktop\\backend prueba\\backend-tdw\\vendor\\symfony\\console\\Command\\Command.php(326): Illuminate\\Console\\Command->execute()
#29 C:\\Users\\BENJA\\OneDrive\\Desktop\\backend prueba\\backend-tdw\\vendor\\laravel\\framework\\src\\Illuminate\\Console\\Command.php(153): Symfony\\Component\\Console\\Command\\Command->run()
#30 C:\\Users\\BENJA\\OneDrive\\Desktop\\backend prueba\\backend-tdw\\vendor\\symfony\\console\\Application.php(1063): Illuminate\\Console\\Command->run()
#31 C:\\Users\\BENJA\\OneDrive\\Desktop\\backend prueba\\backend-tdw\\vendor\\symfony\\console\\Application.php(320): Symfony\\Component\\Console\\Application->doRunCommand()
#32 C:\\Users\\BENJA\\OneDrive\\Desktop\\backend prueba\\backend-tdw\\vendor\\symfony\\console\\Application.php(174): Symfony\\Component\\Console\\Application->doRun()
#33 C:\\Users\\BENJA\\OneDrive\\Desktop\\backend prueba\\backend-tdw\\vendor\\laravel\\framework\\src\\Illuminate\\Console\\Application.php(102): Symfony\\Component\\Console\\Application->run()
#34 C:\\Users\\BENJA\\OneDrive\\Desktop\\backend prueba\\backend-tdw\\vendor\\laravel\\framework\\src\\Illuminate\\Foundation\\Console\\Kernel.php(155): Illuminate\\Console\\Application->run()
#35 C:\\Users\\BENJA\\OneDrive\\Desktop\\backend prueba\\backend-tdw\\artisan(37): Illuminate\\Foundation\\Console\\Kernel->handle()
#36 {main}
"} 
[2023-11-28 04:55:51] local.ERROR: could not find driver (SQL: select * from information_schema.tables where table_schema = tinderDog and table_name = migrations and table_type = 'BASE TABLE') {"exception":"[object] (Illuminate\\Database\\QueryException(code: 0): could not find driver (SQL: select * from information_schema.tables where table_schema = tinderDog and table_name = migrations and table_type = 'BASE TABLE') at C:\\Users\\BENJA\\OneDrive\\Desktop\\backend prueba\\backend-tdw\\vendor\\laravel\\framework\\src\\Illuminate\\Database\\Connection.php:760)
[stacktrace]
#0 C:\\Users\\BENJA\\OneDrive\\Desktop\\backend prueba\\backend-tdw\\vendor\\laravel\\framework\\src\\Illuminate\\Database\\Connection.php(720): Illuminate\\Database\\Connection->runQueryCallback()
#1 C:\\Users\\BENJA\\OneDrive\\Desktop\\backend prueba\\backend-tdw\\vendor\\laravel\\framework\\src\\Illuminate\\Database\\Connection.php(422): Illuminate\\Database\\Connection->run()
#2 C:\\Users\\BENJA\\OneDrive\\Desktop\\backend prueba\\backend-tdw\\vendor\\laravel\\framework\\src\\Illuminate\\Database\\Connection.php(392): Illuminate\\Database\\Connection->select()
#3 C:\\Users\\BENJA\\OneDrive\\Desktop\\backend prueba\\backend-tdw\\vendor\\laravel\\framework\\src\\Illuminate\\Database\\Schema\\MySqlBuilder.php(44): Illuminate\\Database\\Connection->selectFromWriteConnection()
#4 C:\\Users\\BENJA\\OneDrive\\Desktop\\backend prueba\\backend-tdw\\vendor\\laravel\\framework\\src\\Illuminate\\Database\\Migrations\\DatabaseMigrationRepository.php(169): Illuminate\\Database\\Schema\\MySqlBuilder->hasTable()
#5 C:\\Users\\BENJA\\OneDrive\\Desktop\\backend prueba\\backend-tdw\\vendor\\laravel\\framework\\src\\Illuminate\\Database\\Migrations\\Migrator.php(695): Illuminate\\Database\\Migrations\\DatabaseMigrationRepository->repositoryExists()
#6 C:\\Users\\BENJA\\OneDrive\\Desktop\\backend prueba\\backend-tdw\\vendor\\laravel\\framework\\src\\Illuminate\\Database\\Console\\Migrations\\MigrateCommand.php(138): Illuminate\\Database\\Migrations\\Migrator->repositoryExists()
#7 C:\\Users\\BENJA\\OneDrive\\Desktop\\backend prueba\\backend-tdw\\vendor\\laravel\\framework\\src\\Illuminate\\Support\\helpers.php(247): Illuminate\\Database\\Console\\Migrations\\MigrateCommand->Illuminate\\Database\\Console\\Migrations\\{closure}()
#8 C:\\Users\\BENJA\\OneDrive\\Desktop\\backend prueba\\backend-tdw\\vendor\\laravel\\framework\\src\\Illuminate\\Database\\Console\\Migrations\\MigrateCommand.php(157): retry()
#9 C:\\Users\\BENJA\\OneDrive\\Desktop\\backend prueba\\backend-tdw\\vendor\\laravel\\framework\\src\\Illuminate\\Database\\Console\\Migrations\\MigrateCommand.php(114): Illuminate\\Database\\Console\\Migrations\\MigrateCommand->repositoryExists()
#10 C:\\Users\\BENJA\\OneDrive\\Desktop\\backend prueba\\backend-tdw\\vendor\\laravel\\framework\\src\\Illuminate\\Database\\Console\\Migrations\\MigrateCommand.php(82): Illuminate\\Database\\Console\\Migrations\\MigrateCommand->prepareDatabase()
#11 C:\\Users\\BENJA\\OneDrive\\Desktop\\backend prueba\\backend-tdw\\vendor\\laravel\\framework\\src\\Illuminate\\Database\\Migrations\\Migrator.php(628): Illuminate\\Database\\Console\\Migrations\\MigrateCommand->Illuminate\\Database\\Console\\Migrations\\{closure}()
#12 C:\\Users\\BENJA\\OneDrive\\Desktop\\backend prueba\\backend-tdw\\vendor\\laravel\\framework\\src\\Illuminate\\Database\\Console\\Migrations\\MigrateCommand.php(102): Illuminate\\Database\\Migrations\\Migrator->usingConnection()
#13 C:\\Users\\BENJA\\OneDrive\\Desktop\\backend prueba\\backend-tdw\\vendor\\laravel\\framework\\src\\Illuminate\\Container\\BoundMethod.php(36): Illuminate\\Database\\Console\\Migrations\\MigrateCommand->handle()
#14 C:\\Users\\BENJA\\OneDrive\\Desktop\\backend prueba\\backend-tdw\\vendor\\laravel\\framework\\src\\Illuminate\\Container\\Util.php(41): Illuminate\\Container\\BoundMethod::Illuminate\\Container\\{closure}()
#15 C:\\Users\\BENJA\\OneDrive\\Desktop\\backend prueba\\backend-tdw\\vendor\\laravel\\framework\\src\\Illuminate\\Container\\BoundMethod.php(93): Illuminate\\Container\\Util::unwrapIfClosure()
#16 C:\\Users\\BENJA\\OneDrive\\Desktop\\backend prueba\\backend-tdw\\vendor\\laravel\\framework\\src\\Illuminate\\Container\\BoundMethod.php(37): Illuminate\\Container\\BoundMethod::callBoundMethod()
#17 C:\\Users\\BENJA\\OneDrive\\Desktop\\backend prueba\\backend-tdw\\vendor\\laravel\\framework\\src\\Illuminate\\Container\\Container.php(661): Illuminate\\Container\\BoundMethod::call()
#18 C:\\Users\\BENJA\\OneDrive\\Desktop\\backend prueba\\backend-tdw\\vendor\\laravel\\framework\\src\\Illuminate\\Console\\Command.php(183): Illuminate\\Container\\Container->call()
#19 C:\\Users\\BENJA\\OneDrive\\Desktop\\backend prueba\\backend-tdw\\vendor\\symfony\\console\\Command\\Command.php(326): Illuminate\\Console\\Command->execute()
#20 C:\\Users\\BENJA\\OneDrive\\Desktop\\backend prueba\\backend-tdw\\vendor\\laravel\\framework\\src\\Illuminate\\Console\\Command.php(153): Symfony\\Component\\Console\\Command\\Command->run()
#21 C:\\Users\\BENJA\\OneDrive\\Desktop\\backend prueba\\backend-tdw\\vendor\\symfony\\console\\Application.php(1063): Illuminate\\Console\\Command->run()
#22 C:\\Users\\BENJA\\OneDrive\\Desktop\\backend prueba\\backend-tdw\\vendor\\symfony\\console\\Application.php(320): Symfony\\Component\\Console\\Application->doRunCommand()
#23 C:\\Users\\BENJA\\OneDrive\\Desktop\\backend prueba\\backend-tdw\\vendor\\symfony\\console\\Application.php(174): Symfony\\Component\\Console\\Application->doRun()
#24 C:\\Users\\BENJA\\OneDrive\\Desktop\\backend prueba\\backend-tdw\\vendor\\laravel\\framework\\src\\Illuminate\\Console\\Application.php(102): Symfony\\Component\\Console\\Application->run()
#25 C:\\Users\\BENJA\\OneDrive\\Desktop\\backend prueba\\backend-tdw\\vendor\\laravel\\framework\\src\\Illuminate\\Foundation\\Console\\Kernel.php(155): Illuminate\\Console\\Application->run()
#26 C:\\Users\\BENJA\\OneDrive\\Desktop\\backend prueba\\backend-tdw\\artisan(37): Illuminate\\Foundation\\Console\\Kernel->handle()
#27 {main}

[previous exception] [object] (PDOException(code: 0): could not find driver at C:\\Users\\BENJA\\OneDrive\\Desktop\\backend prueba\\backend-tdw\\vendor\\laravel\\framework\\src\\Illuminate\\Database\\Connectors\\Connector.php:70)
[stacktrace]
#0 C:\\Users\\BENJA\\OneDrive\\Desktop\\backend prueba\\backend-tdw\\vendor\\laravel\\framework\\src\\Illuminate\\Database\\Connectors\\Connector.php(70): PDO->__construct()
#1 C:\\Users\\BENJA\\OneDrive\\Desktop\\backend prueba\\backend-tdw\\vendor\\laravel\\framework\\src\\Illuminate\\Database\\Connectors\\Connector.php(46): Illuminate\\Database\\Connectors\\Connector->createPdoConnection()
#2 C:\\Users\\BENJA\\OneDrive\\Desktop\\backend prueba\\backend-tdw\\vendor\\laravel\\framework\\src\\Illuminate\\Database\\Connectors\\MySqlConnector.php(24): Illuminate\\Database\\Connectors\\Connector->createConnection()
#3 C:\\Users\\BENJA\\OneDrive\\Desktop\\backend prueba\\backend-tdw\\vendor\\laravel\\framework\\src\\Illuminate\\Database\\Connectors\\ConnectionFactory.php(184): Illuminate\\Database\\Connectors\\MySqlConnector->connect()
#4 [internal function]: Illuminate\\Database\\Connectors\\ConnectionFactory->Illuminate\\Database\\Connectors\\{closure}()
#5 C:\\Users\\BENJA\\OneDrive\\Desktop\\backend prueba\\backend-tdw\\vendor\\laravel\\framework\\src\\Illuminate\\Database\\Connection.php(1181): call_user_func()
#6 C:\\Users\\BENJA\\OneDrive\\Desktop\\backend prueba\\backend-tdw\\vendor\\laravel\\framework\\src\\Illuminate\\Database\\Connection.php(486): Illuminate\\Database\\Connection->getPdo()
#7 C:\\Users\\BENJA\\OneDrive\\Desktop\\backend prueba\\backend-tdw\\vendor\\laravel\\framework\\src\\Illuminate\\Database\\Connection.php(414): Illuminate\\Database\\Connection->getPdoForSelect()
#8 C:\\Users\\BENJA\\OneDrive\\Desktop\\backend prueba\\backend-tdw\\vendor\\laravel\\framework\\src\\Illuminate\\Database\\Connection.php(753): Illuminate\\Database\\Connection->Illuminate\\Database\\{closure}()
#9 C:\\Users\\BENJA\\OneDrive\\Desktop\\backend prueba\\backend-tdw\\vendor\\laravel\\framework\\src\\Illuminate\\Database\\Connection.php(720): Illuminate\\Database\\Connection->runQueryCallback()
#10 C:\\Users\\BENJA\\OneDrive\\Desktop\\backend prueba\\backend-tdw\\vendor\\laravel\\framework\\src\\Illuminate\\Database\\Connection.php(422): Illuminate\\Database\\Connection->run()
#11 C:\\Users\\BENJA\\OneDrive\\Desktop\\backend prueba\\backend-tdw\\vendor\\laravel\\framework\\src\\Illuminate\\Database\\Connection.php(392): Illuminate\\Database\\Connection->select()
#12 C:\\Users\\BENJA\\OneDrive\\Desktop\\backend prueba\\backend-tdw\\vendor\\laravel\\framework\\src\\Illuminate\\Database\\Schema\\MySqlBuilder.php(44): Illuminate\\Database\\Connection->selectFromWriteConnection()
#13 C:\\Users\\BENJA\\OneDrive\\Desktop\\backend prueba\\backend-tdw\\vendor\\laravel\\framework\\src\\Illuminate\\Database\\Migrations\\DatabaseMigrationRepository.php(169): Illuminate\\Database\\Schema\\MySqlBuilder->hasTable()
#14 C:\\Users\\BENJA\\OneDrive\\Desktop\\backend prueba\\backend-tdw\\vendor\\laravel\\framework\\src\\Illuminate\\Database\\Migrations\\Migrator.php(695): Illuminate\\Database\\Migrations\\DatabaseMigrationRepository->repositoryExists()
#15 C:\\Users\\BENJA\\OneDrive\\Desktop\\backend prueba\\backend-tdw\\vendor\\laravel\\framework\\src\\Illuminate\\Database\\Console\\Migrations\\MigrateCommand.php(138): Illuminate\\Database\\Migrations\\Migrator->repositoryExists()
#16 C:\\Users\\BENJA\\OneDrive\\Desktop\\backend prueba\\backend-tdw\\vendor\\laravel\\framework\\src\\Illuminate\\Support\\helpers.php(247): Illuminate\\Database\\Console\\Migrations\\MigrateCommand->Illuminate\\Database\\Console\\Migrations\\{closure}()
#17 C:\\Users\\BENJA\\OneDrive\\Desktop\\backend prueba\\backend-tdw\\vendor\\laravel\\framework\\src\\Illuminate\\Database\\Console\\Migrations\\MigrateCommand.php(157): retry()
#18 C:\\Users\\BENJA\\OneDrive\\Desktop\\backend prueba\\backend-tdw\\vendor\\laravel\\framework\\src\\Illuminate\\Database\\Console\\Migrations\\MigrateCommand.php(114): Illuminate\\Database\\Console\\Migrations\\MigrateCommand->repositoryExists()
#19 C:\\Users\\BENJA\\OneDrive\\Desktop\\backend prueba\\backend-tdw\\vendor\\laravel\\framework\\src\\Illuminate\\Database\\Console\\Migrations\\MigrateCommand.php(82): Illuminate\\Database\\Console\\Migrations\\MigrateCommand->prepareDatabase()
#20 C:\\Users\\BENJA\\OneDrive\\Desktop\\backend prueba\\backend-tdw\\vendor\\laravel\\framework\\src\\Illuminate\\Database\\Migrations\\Migrator.php(628): Illuminate\\Database\\Console\\Migrations\\MigrateCommand->Illuminate\\Database\\Console\\Migrations\\{closure}()
#21 C:\\Users\\BENJA\\OneDrive\\Desktop\\backend prueba\\backend-tdw\\vendor\\laravel\\framework\\src\\Illuminate\\Database\\Console\\Migrations\\MigrateCommand.php(102): Illuminate\\Database\\Migrations\\Migrator->usingConnection()
#22 C:\\Users\\BENJA\\OneDrive\\Desktop\\backend prueba\\backend-tdw\\vendor\\laravel\\framework\\src\\Illuminate\\Container\\BoundMethod.php(36): Illuminate\\Database\\Console\\Migrations\\MigrateCommand->handle()
#23 C:\\Users\\BENJA\\OneDrive\\Desktop\\backend prueba\\backend-tdw\\vendor\\laravel\\framework\\src\\Illuminate\\Container\\Util.php(41): Illuminate\\Container\\BoundMethod::Illuminate\\Container\\{closure}()
#24 C:\\Users\\BENJA\\OneDrive\\Desktop\\backend prueba\\backend-tdw\\vendor\\laravel\\framework\\src\\Illuminate\\Container\\BoundMethod.php(93): Illuminate\\Container\\Util::unwrapIfClosure()
#25 C:\\Users\\BENJA\\OneDrive\\Desktop\\backend prueba\\backend-tdw\\vendor\\laravel\\framework\\src\\Illuminate\\Container\\BoundMethod.php(37): Illuminate\\Container\\BoundMethod::callBoundMethod()
#26 C:\\Users\\BENJA\\OneDrive\\Desktop\\backend prueba\\backend-tdw\\vendor\\laravel\\framework\\src\\Illuminate\\Container\\Container.php(661): Illuminate\\Container\\BoundMethod::call()
#27 C:\\Users\\BENJA\\OneDrive\\Desktop\\backend prueba\\backend-tdw\\vendor\\laravel\\framework\\src\\Illuminate\\Console\\Command.php(183): Illuminate\\Container\\Container->call()
#28 C:\\Users\\BENJA\\OneDrive\\Desktop\\backend prueba\\backend-tdw\\vendor\\symfony\\console\\Command\\Command.php(326): Illuminate\\Console\\Command->execute()
#29 C:\\Users\\BENJA\\OneDrive\\Desktop\\backend prueba\\backend-tdw\\vendor\\laravel\\framework\\src\\Illuminate\\Console\\Command.php(153): Symfony\\Component\\Console\\Command\\Command->run()
#30 C:\\Users\\BENJA\\OneDrive\\Desktop\\backend prueba\\backend-tdw\\vendor\\symfony\\console\\Application.php(1063): Illuminate\\Console\\Command->run()
#31 C:\\Users\\BENJA\\OneDrive\\Desktop\\backend prueba\\backend-tdw\\vendor\\symfony\\console\\Application.php(320): Symfony\\Component\\Console\\Application->doRunCommand()
#32 C:\\Users\\BENJA\\OneDrive\\Desktop\\backend prueba\\backend-tdw\\vendor\\symfony\\console\\Application.php(174): Symfony\\Component\\Console\\Application->doRun()
#33 C:\\Users\\BENJA\\OneDrive\\Desktop\\backend prueba\\backend-tdw\\vendor\\laravel\\framework\\src\\Illuminate\\Console\\Application.php(102): Symfony\\Component\\Console\\Application->run()
#34 C:\\Users\\BENJA\\OneDrive\\Desktop\\backend prueba\\backend-tdw\\vendor\\laravel\\framework\\src\\Illuminate\\Foundation\\Console\\Kernel.php(155): Illuminate\\Console\\Application->run()
#35 C:\\Users\\BENJA\\OneDrive\\Desktop\\backend prueba\\backend-tdw\\artisan(37): Illuminate\\Foundation\\Console\\Kernel->handle()
#36 {main}
"} 
[2023-11-28 17:57:45] laravel.EMERGENCY: Unable to create configured logger. Using emergency logger. {"exception":"[object] (InvalidArgumentException(code: 0): Log [] is not defined. at C:\\Users\\BENJA\\OneDrive\\Desktop\\backend prueba\\backend-tdw\\vendor\\laravel\\framework\\src\\Illuminate\\Log\\LogManager.php:210)
[stacktrace]
#0 C:\\Users\\BENJA\\OneDrive\\Desktop\\backend prueba\\backend-tdw\\vendor\\laravel\\framework\\src\\Illuminate\\Log\\LogManager.php(135): Illuminate\\Log\\LogManager->resolve()
#1 C:\\Users\\BENJA\\OneDrive\\Desktop\\backend prueba\\backend-tdw\\vendor\\laravel\\framework\\src\\Illuminate\\Log\\LogManager.php(122): Illuminate\\Log\\LogManager->get()
#2 C:\\Users\\BENJA\\OneDrive\\Desktop\\backend prueba\\backend-tdw\\vendor\\laravel\\framework\\src\\Illuminate\\Log\\LogManager.php(645): Illuminate\\Log\\LogManager->driver()
#3 C:\\Users\\BENJA\\OneDrive\\Desktop\\backend prueba\\backend-tdw\\vendor\\laravel\\framework\\src\\Illuminate\\Foundation\\Exceptions\\Handler.php(274): Illuminate\\Log\\LogManager->error()
#4 C:\\Users\\BENJA\\OneDrive\\Desktop\\backend prueba\\backend-tdw\\vendor\\laravel\\framework\\src\\Illuminate\\Foundation\\Console\\Kernel.php(454): Illuminate\\Foundation\\Exceptions\\Handler->report()
#5 C:\\Users\\BENJA\\OneDrive\\Desktop\\backend prueba\\backend-tdw\\vendor\\laravel\\framework\\src\\Illuminate\\Foundation\\Console\\Kernel.php(157): Illuminate\\Foundation\\Console\\Kernel->reportException()
#6 C:\\Users\\BENJA\\OneDrive\\Desktop\\backend prueba\\backend-tdw\\artisan(37): Illuminate\\Foundation\\Console\\Kernel->handle()
#7 {main}
"} 
[2023-11-28 17:57:45] laravel.ERROR: Call to undefined method Illuminate\Support\ServiceProvider::defaultProviders() {"exception":"[object] (Error(code: 0): Call to undefined method Illuminate\\Support\\ServiceProvider::defaultProviders() at C:\\Users\\BENJA\\OneDrive\\Desktop\\backend prueba\\backend-tdw\\config\\app.php:158)
[stacktrace]
#0 C:\\Users\\BENJA\\OneDrive\\Desktop\\backend prueba\\backend-tdw\\vendor\\laravel\\framework\\src\\Illuminate\\Foundation\\Bootstrap\\LoadConfiguration.php(70): require()
#1 C:\\Users\\BENJA\\OneDrive\\Desktop\\backend prueba\\backend-tdw\\vendor\\laravel\\framework\\src\\Illuminate\\Foundation\\Bootstrap\\LoadConfiguration.php(39): Illuminate\\Foundation\\Bootstrap\\LoadConfiguration->loadConfigurationFiles()
#2 C:\\Users\\BENJA\\OneDrive\\Desktop\\backend prueba\\backend-tdw\\vendor\\laravel\\framework\\src\\Illuminate\\Foundation\\Application.php(242): Illuminate\\Foundation\\Bootstrap\\LoadConfiguration->bootstrap()
#3 C:\\Users\\BENJA\\OneDrive\\Desktop\\backend prueba\\backend-tdw\\vendor\\laravel\\framework\\src\\Illuminate\\Foundation\\Console\\Kernel.php(383): Illuminate\\Foundation\\Application->bootstrapWith()
#4 C:\\Users\\BENJA\\OneDrive\\Desktop\\backend prueba\\backend-tdw\\vendor\\laravel\\framework\\src\\Illuminate\\Foundation\\Console\\Kernel.php(153): Illuminate\\Foundation\\Console\\Kernel->bootstrap()
#5 C:\\Users\\BENJA\\OneDrive\\Desktop\\backend prueba\\backend-tdw\\artisan(37): Illuminate\\Foundation\\Console\\Kernel->handle()
#6 {main}
"} 
[2023-11-28 18:03:21] laravel.EMERGENCY: Unable to create configured logger. Using emergency logger. {"exception":"[object] (InvalidArgumentException(code: 0): Log [] is not defined. at C:\\Users\\BENJA\\OneDrive\\Desktop\\backend prueba\\backend-tdw\\vendor\\laravel\\framework\\src\\Illuminate\\Log\\LogManager.php:210)
[stacktrace]
#0 C:\\Users\\BENJA\\OneDrive\\Desktop\\backend prueba\\backend-tdw\\vendor\\laravel\\framework\\src\\Illuminate\\Log\\LogManager.php(135): Illuminate\\Log\\LogManager->resolve()
#1 C:\\Users\\BENJA\\OneDrive\\Desktop\\backend prueba\\backend-tdw\\vendor\\laravel\\framework\\src\\Illuminate\\Log\\LogManager.php(122): Illuminate\\Log\\LogManager->get()
#2 C:\\Users\\BENJA\\OneDrive\\Desktop\\backend prueba\\backend-tdw\\vendor\\laravel\\framework\\src\\Illuminate\\Log\\LogManager.php(645): Illuminate\\Log\\LogManager->driver()
#3 C:\\Users\\BENJA\\OneDrive\\Desktop\\backend prueba\\backend-tdw\\vendor\\laravel\\framework\\src\\Illuminate\\Foundation\\Exceptions\\Handler.php(274): Illuminate\\Log\\LogManager->error()
#4 C:\\Users\\BENJA\\OneDrive\\Desktop\\backend prueba\\backend-tdw\\vendor\\laravel\\framework\\src\\Illuminate\\Foundation\\Console\\Kernel.php(454): Illuminate\\Foundation\\Exceptions\\Handler->report()
#5 C:\\Users\\BENJA\\OneDrive\\Desktop\\backend prueba\\backend-tdw\\vendor\\laravel\\framework\\src\\Illuminate\\Foundation\\Console\\Kernel.php(157): Illuminate\\Foundation\\Console\\Kernel->reportException()
#6 C:\\Users\\BENJA\\OneDrive\\Desktop\\backend prueba\\backend-tdw\\artisan(37): Illuminate\\Foundation\\Console\\Kernel->handle()
#7 {main}
"} 
[2023-11-28 18:03:21] laravel.ERROR: Call to undefined method Illuminate\Support\ServiceProvider::defaultProviders() {"exception":"[object] (Error(code: 0): Call to undefined method Illuminate\\Support\\ServiceProvider::defaultProviders() at C:\\Users\\BENJA\\OneDrive\\Desktop\\backend prueba\\backend-tdw\\config\\app.php:158)
[stacktrace]
#0 C:\\Users\\BENJA\\OneDrive\\Desktop\\backend prueba\\backend-tdw\\vendor\\laravel\\framework\\src\\Illuminate\\Foundation\\Bootstrap\\LoadConfiguration.php(70): require()
#1 C:\\Users\\BENJA\\OneDrive\\Desktop\\backend prueba\\backend-tdw\\vendor\\laravel\\framework\\src\\Illuminate\\Foundation\\Bootstrap\\LoadConfiguration.php(39): Illuminate\\Foundation\\Bootstrap\\LoadConfiguration->loadConfigurationFiles()
#2 C:\\Users\\BENJA\\OneDrive\\Desktop\\backend prueba\\backend-tdw\\vendor\\laravel\\framework\\src\\Illuminate\\Foundation\\Application.php(242): Illuminate\\Foundation\\Bootstrap\\LoadConfiguration->bootstrap()
#3 C:\\Users\\BENJA\\OneDrive\\Desktop\\backend prueba\\backend-tdw\\vendor\\laravel\\framework\\src\\Illuminate\\Foundation\\Console\\Kernel.php(383): Illuminate\\Foundation\\Application->bootstrapWith()
#4 C:\\Users\\BENJA\\OneDrive\\Desktop\\backend prueba\\backend-tdw\\vendor\\laravel\\framework\\src\\Illuminate\\Foundation\\Console\\Kernel.php(153): Illuminate\\Foundation\\Console\\Kernel->bootstrap()
#5 C:\\Users\\BENJA\\OneDrive\\Desktop\\backend prueba\\backend-tdw\\artisan(37): Illuminate\\Foundation\\Console\\Kernel->handle()
#6 {main}
"} 
[2023-11-28 18:05:56] local.ERROR: Class "App\Providers\EventServiceProvider" not found {"exception":"[object] (Error(code: 0): Class \"App\\Providers\\EventServiceProvider\" not found at C:\\Users\\BENJA\\OneDrive\\Desktop\\backend prueba\\backend-tdw\\vendor\\laravel\\framework\\src\\Illuminate\\Foundation\\ProviderRepository.php:206)
[stacktrace]
#0 C:\\Users\\BENJA\\OneDrive\\Desktop\\backend prueba\\backend-tdw\\vendor\\laravel\\framework\\src\\Illuminate\\Foundation\\ProviderRepository.php(142): Illuminate\\Foundation\\ProviderRepository->createProvider()
#1 C:\\Users\\BENJA\\OneDrive\\Desktop\\backend prueba\\backend-tdw\\vendor\\laravel\\framework\\src\\Illuminate\\Foundation\\ProviderRepository.php(61): Illuminate\\Foundation\\ProviderRepository->compileManifest()
#2 C:\\Users\\BENJA\\OneDrive\\Desktop\\backend prueba\\backend-tdw\\vendor\\laravel\\framework\\src\\Illuminate\\Foundation\\Application.php(664): Illuminate\\Foundation\\ProviderRepository->load()
#3 C:\\Users\\BENJA\\OneDrive\\Desktop\\backend prueba\\backend-tdw\\vendor\\laravel\\framework\\src\\Illuminate\\Foundation\\Bootstrap\\RegisterProviders.php(17): Illuminate\\Foundation\\Application->registerConfiguredProviders()
#4 C:\\Users\\BENJA\\OneDrive\\Desktop\\backend prueba\\backend-tdw\\vendor\\laravel\\framework\\src\\Illuminate\\Foundation\\Application.php(242): Illuminate\\Foundation\\Bootstrap\\RegisterProviders->bootstrap()
#5 C:\\Users\\BENJA\\OneDrive\\Desktop\\backend prueba\\backend-tdw\\vendor\\laravel\\framework\\src\\Illuminate\\Foundation\\Console\\Kernel.php(383): Illuminate\\Foundation\\Application->bootstrapWith()
#6 C:\\Users\\BENJA\\OneDrive\\Desktop\\backend prueba\\backend-tdw\\vendor\\laravel\\framework\\src\\Illuminate\\Foundation\\Console\\Kernel.php(153): Illuminate\\Foundation\\Console\\Kernel->bootstrap()
#7 C:\\Users\\BENJA\\OneDrive\\Desktop\\backend prueba\\backend-tdw\\artisan(37): Illuminate\\Foundation\\Console\\Kernel->handle()
#8 {main}
"} 
[2023-11-28 18:06:30] local.ERROR: Class "App\Providers\EventServiceProvider" not found {"exception":"[object] (Error(code: 0): Class \"App\\Providers\\EventServiceProvider\" not found at C:\\Users\\BENJA\\OneDrive\\Desktop\\backend prueba\\backend-tdw\\vendor\\laravel\\framework\\src\\Illuminate\\Foundation\\ProviderRepository.php:206)
[stacktrace]
#0 C:\\Users\\BENJA\\OneDrive\\Desktop\\backend prueba\\backend-tdw\\vendor\\laravel\\framework\\src\\Illuminate\\Foundation\\ProviderRepository.php(142): Illuminate\\Foundation\\ProviderRepository->createProvider()
#1 C:\\Users\\BENJA\\OneDrive\\Desktop\\backend prueba\\backend-tdw\\vendor\\laravel\\framework\\src\\Illuminate\\Foundation\\ProviderRepository.php(61): Illuminate\\Foundation\\ProviderRepository->compileManifest()
#2 C:\\Users\\BENJA\\OneDrive\\Desktop\\backend prueba\\backend-tdw\\vendor\\laravel\\framework\\src\\Illuminate\\Foundation\\Application.php(664): Illuminate\\Foundation\\ProviderRepository->load()
#3 C:\\Users\\BENJA\\OneDrive\\Desktop\\backend prueba\\backend-tdw\\vendor\\laravel\\framework\\src\\Illuminate\\Foundation\\Bootstrap\\RegisterProviders.php(17): Illuminate\\Foundation\\Application->registerConfiguredProviders()
#4 C:\\Users\\BENJA\\OneDrive\\Desktop\\backend prueba\\backend-tdw\\vendor\\laravel\\framework\\src\\Illuminate\\Foundation\\Application.php(242): Illuminate\\Foundation\\Bootstrap\\RegisterProviders->bootstrap()
#5 C:\\Users\\BENJA\\OneDrive\\Desktop\\backend prueba\\backend-tdw\\vendor\\laravel\\framework\\src\\Illuminate\\Foundation\\Console\\Kernel.php(383): Illuminate\\Foundation\\Application->bootstrapWith()
#6 C:\\Users\\BENJA\\OneDrive\\Desktop\\backend prueba\\backend-tdw\\vendor\\laravel\\framework\\src\\Illuminate\\Foundation\\Console\\Kernel.php(153): Illuminate\\Foundation\\Console\\Kernel->bootstrap()
#7 C:\\Users\\BENJA\\OneDrive\\Desktop\\backend prueba\\backend-tdw\\artisan(37): Illuminate\\Foundation\\Console\\Kernel->handle()
#8 {main}
"} 
[2023-11-28 18:07:39] local.ERROR: SQLSTATE[42S01]: Base table or view already exists: 1050 Table 'interaccion' already exists (SQL: create table `interaccion` (`id` bigint unsigned not null auto_increment primary key, `idDogI` varchar(255) not null, `idDogC` varchar(255) not null, `preference` varchar(255) not null, `created_at` timestamp null, `updated_at` timestamp null) default character set utf8mb4 collate 'utf8mb4_unicode_ci') {"exception":"[object] (Illuminate\\Database\\QueryException(code: 42S01): SQLSTATE[42S01]: Base table or view already exists: 1050 Table 'interaccion' already exists (SQL: create table `interaccion` (`id` bigint unsigned not null auto_increment primary key, `idDogI` varchar(255) not null, `idDogC` varchar(255) not null, `preference` varchar(255) not null, `created_at` timestamp null, `updated_at` timestamp null) default character set utf8mb4 collate 'utf8mb4_unicode_ci') at C:\\Users\\BENJA\\OneDrive\\Desktop\\backend prueba\\backend-tdw\\vendor\\laravel\\framework\\src\\Illuminate\\Database\\Connection.php:760)
[stacktrace]
#0 C:\\Users\\BENJA\\OneDrive\\Desktop\\backend prueba\\backend-tdw\\vendor\\laravel\\framework\\src\\Illuminate\\Database\\Connection.php(720): Illuminate\\Database\\Connection->runQueryCallback()
#1 C:\\Users\\BENJA\\OneDrive\\Desktop\\backend prueba\\backend-tdw\\vendor\\laravel\\framework\\src\\Illuminate\\Database\\Connection.php(546): Illuminate\\Database\\Connection->run()
#2 C:\\Users\\BENJA\\OneDrive\\Desktop\\backend prueba\\backend-tdw\\vendor\\laravel\\framework\\src\\Illuminate\\Database\\Schema\\Blueprint.php(109): Illuminate\\Database\\Connection->statement()
#3 C:\\Users\\BENJA\\OneDrive\\Desktop\\backend prueba\\backend-tdw\\vendor\\laravel\\framework\\src\\Illuminate\\Database\\Schema\\Builder.php(439): Illuminate\\Database\\Schema\\Blueprint->build()
#4 C:\\Users\\BENJA\\OneDrive\\Desktop\\backend prueba\\backend-tdw\\vendor\\laravel\\framework\\src\\Illuminate\\Database\\Schema\\Builder.php(285): Illuminate\\Database\\Schema\\Builder->build()
#5 C:\\Users\\BENJA\\OneDrive\\Desktop\\backend prueba\\backend-tdw\\vendor\\laravel\\framework\\src\\Illuminate\\Support\\Facades\\Facade.php(338): Illuminate\\Database\\Schema\\Builder->create()
#6 C:\\Users\\BENJA\\OneDrive\\Desktop\\backend prueba\\backend-tdw\\database\\migrations\\2023_11_27_192339_create_interaccion_table.php(20): Illuminate\\Support\\Facades\\Facade::__callStatic()
#7 C:\\Users\\BENJA\\OneDrive\\Desktop\\backend prueba\\backend-tdw\\vendor\\laravel\\framework\\src\\Illuminate\\Database\\Migrations\\Migrator.php(488): Illuminate\\Database\\Migrations\\Migration@anonymous->up()
#8 C:\\Users\\BENJA\\OneDrive\\Desktop\\backend prueba\\backend-tdw\\vendor\\laravel\\framework\\src\\Illuminate\\Database\\Migrations\\Migrator.php(406): Illuminate\\Database\\Migrations\\Migrator->runMethod()
#9 C:\\Users\\BENJA\\OneDrive\\Desktop\\backend prueba\\backend-tdw\\vendor\\laravel\\framework\\src\\Illuminate\\Database\\Migrations\\Migrator.php(415): Illuminate\\Database\\Migrations\\Migrator->Illuminate\\Database\\Migrations\\{closure}()
#10 C:\\Users\\BENJA\\OneDrive\\Desktop\\backend prueba\\backend-tdw\\vendor\\laravel\\framework\\src\\Illuminate\\Database\\Migrations\\Migrator.php(216): Illuminate\\Database\\Migrations\\Migrator->runMigration()
#11 C:\\Users\\BENJA\\OneDrive\\Desktop\\backend prueba\\backend-tdw\\vendor\\laravel\\framework\\src\\Illuminate\\Console\\View\\Components\\Task.php(37): Illuminate\\Database\\Migrations\\Migrator->Illuminate\\Database\\Migrations\\{closure}()
#12 C:\\Users\\BENJA\\OneDrive\\Desktop\\backend prueba\\backend-tdw\\vendor\\laravel\\framework\\src\\Illuminate\\Database\\Migrations\\Migrator.php(751): Illuminate\\Console\\View\\Components\\Task->render()
#13 C:\\Users\\BENJA\\OneDrive\\Desktop\\backend prueba\\backend-tdw\\vendor\\laravel\\framework\\src\\Illuminate\\Database\\Migrations\\Migrator.php(216): Illuminate\\Database\\Migrations\\Migrator->write()
#14 C:\\Users\\BENJA\\OneDrive\\Desktop\\backend prueba\\backend-tdw\\vendor\\laravel\\framework\\src\\Illuminate\\Database\\Migrations\\Migrator.php(181): Illuminate\\Database\\Migrations\\Migrator->runUp()
#15 C:\\Users\\BENJA\\OneDrive\\Desktop\\backend prueba\\backend-tdw\\vendor\\laravel\\framework\\src\\Illuminate\\Database\\Migrations\\Migrator.php(124): Illuminate\\Database\\Migrations\\Migrator->runPending()
#16 C:\\Users\\BENJA\\OneDrive\\Desktop\\backend prueba\\backend-tdw\\vendor\\laravel\\framework\\src\\Illuminate\\Database\\Console\\Migrations\\MigrateCommand.php(90): Illuminate\\Database\\Migrations\\Migrator->run()
#17 C:\\Users\\BENJA\\OneDrive\\Desktop\\backend prueba\\backend-tdw\\vendor\\laravel\\framework\\src\\Illuminate\\Database\\Migrations\\Migrator.php(628): Illuminate\\Database\\Console\\Migrations\\MigrateCommand->Illuminate\\Database\\Console\\Migrations\\{closure}()
#18 C:\\Users\\BENJA\\OneDrive\\Desktop\\backend prueba\\backend-tdw\\vendor\\laravel\\framework\\src\\Illuminate\\Database\\Console\\Migrations\\MigrateCommand.php(102): Illuminate\\Database\\Migrations\\Migrator->usingConnection()
#19 C:\\Users\\BENJA\\OneDrive\\Desktop\\backend prueba\\backend-tdw\\vendor\\laravel\\framework\\src\\Illuminate\\Container\\BoundMethod.php(36): Illuminate\\Database\\Console\\Migrations\\MigrateCommand->handle()
#20 C:\\Users\\BENJA\\OneDrive\\Desktop\\backend prueba\\backend-tdw\\vendor\\laravel\\framework\\src\\Illuminate\\Container\\Util.php(41): Illuminate\\Container\\BoundMethod::Illuminate\\Container\\{closure}()
#21 C:\\Users\\BENJA\\OneDrive\\Desktop\\backend prueba\\backend-tdw\\vendor\\laravel\\framework\\src\\Illuminate\\Container\\BoundMethod.php(93): Illuminate\\Container\\Util::unwrapIfClosure()
#22 C:\\Users\\BENJA\\OneDrive\\Desktop\\backend prueba\\backend-tdw\\vendor\\laravel\\framework\\src\\Illuminate\\Container\\BoundMethod.php(37): Illuminate\\Container\\BoundMethod::callBoundMethod()
#23 C:\\Users\\BENJA\\OneDrive\\Desktop\\backend prueba\\backend-tdw\\vendor\\laravel\\framework\\src\\Illuminate\\Container\\Container.php(661): Illuminate\\Container\\BoundMethod::call()
#24 C:\\Users\\BENJA\\OneDrive\\Desktop\\backend prueba\\backend-tdw\\vendor\\laravel\\framework\\src\\Illuminate\\Console\\Command.php(183): Illuminate\\Container\\Container->call()
#25 C:\\Users\\BENJA\\OneDrive\\Desktop\\backend prueba\\backend-tdw\\vendor\\symfony\\console\\Command\\Command.php(326): Illuminate\\Console\\Command->execute()
#26 C:\\Users\\BENJA\\OneDrive\\Desktop\\backend prueba\\backend-tdw\\vendor\\laravel\\framework\\src\\Illuminate\\Console\\Command.php(153): Symfony\\Component\\Console\\Command\\Command->run()
#27 C:\\Users\\BENJA\\OneDrive\\Desktop\\backend prueba\\backend-tdw\\vendor\\symfony\\console\\Application.php(1063): Illuminate\\Console\\Command->run()
#28 C:\\Users\\BENJA\\OneDrive\\Desktop\\backend prueba\\backend-tdw\\vendor\\symfony\\console\\Application.php(320): Symfony\\Component\\Console\\Application->doRunCommand()
#29 C:\\Users\\BENJA\\OneDrive\\Desktop\\backend prueba\\backend-tdw\\vendor\\symfony\\console\\Application.php(174): Symfony\\Component\\Console\\Application->doRun()
#30 C:\\Users\\BENJA\\OneDrive\\Desktop\\backend prueba\\backend-tdw\\vendor\\laravel\\framework\\src\\Illuminate\\Console\\Application.php(102): Symfony\\Component\\Console\\Application->run()
#31 C:\\Users\\BENJA\\OneDrive\\Desktop\\backend prueba\\backend-tdw\\vendor\\laravel\\framework\\src\\Illuminate\\Foundation\\Console\\Kernel.php(155): Illuminate\\Console\\Application->run()
#32 C:\\Users\\BENJA\\OneDrive\\Desktop\\backend prueba\\backend-tdw\\artisan(37): Illuminate\\Foundation\\Console\\Kernel->handle()
#33 {main}

[previous exception] [object] (PDOException(code: 42S01): SQLSTATE[42S01]: Base table or view already exists: 1050 Table 'interaccion' already exists at C:\\Users\\BENJA\\OneDrive\\Desktop\\backend prueba\\backend-tdw\\vendor\\laravel\\framework\\src\\Illuminate\\Database\\Connection.php:545)
[stacktrace]
#0 C:\\Users\\BENJA\\OneDrive\\Desktop\\backend prueba\\backend-tdw\\vendor\\laravel\\framework\\src\\Illuminate\\Database\\Connection.php(545): PDOStatement->execute()
#1 C:\\Users\\BENJA\\OneDrive\\Desktop\\backend prueba\\backend-tdw\\vendor\\laravel\\framework\\src\\Illuminate\\Database\\Connection.php(753): Illuminate\\Database\\Connection->Illuminate\\Database\\{closure}()
#2 C:\\Users\\BENJA\\OneDrive\\Desktop\\backend prueba\\backend-tdw\\vendor\\laravel\\framework\\src\\Illuminate\\Database\\Connection.php(720): Illuminate\\Database\\Connection->runQueryCallback()
#3 C:\\Users\\BENJA\\OneDrive\\Desktop\\backend prueba\\backend-tdw\\vendor\\laravel\\framework\\src\\Illuminate\\Database\\Connection.php(546): Illuminate\\Database\\Connection->run()
#4 C:\\Users\\BENJA\\OneDrive\\Desktop\\backend prueba\\backend-tdw\\vendor\\laravel\\framework\\src\\Illuminate\\Database\\Schema\\Blueprint.php(109): Illuminate\\Database\\Connection->statement()
#5 C:\\Users\\BENJA\\OneDrive\\Desktop\\backend prueba\\backend-tdw\\vendor\\laravel\\framework\\src\\Illuminate\\Database\\Schema\\Builder.php(439): Illuminate\\Database\\Schema\\Blueprint->build()
#6 C:\\Users\\BENJA\\OneDrive\\Desktop\\backend prueba\\backend-tdw\\vendor\\laravel\\framework\\src\\Illuminate\\Database\\Schema\\Builder.php(285): Illuminate\\Database\\Schema\\Builder->build()
#7 C:\\Users\\BENJA\\OneDrive\\Desktop\\backend prueba\\backend-tdw\\vendor\\laravel\\framework\\src\\Illuminate\\Support\\Facades\\Facade.php(338): Illuminate\\Database\\Schema\\Builder->create()
#8 C:\\Users\\BENJA\\OneDrive\\Desktop\\backend prueba\\backend-tdw\\database\\migrations\\2023_11_27_192339_create_interaccion_table.php(20): Illuminate\\Support\\Facades\\Facade::__callStatic()
#9 C:\\Users\\BENJA\\OneDrive\\Desktop\\backend prueba\\backend-tdw\\vendor\\laravel\\framework\\src\\Illuminate\\Database\\Migrations\\Migrator.php(488): Illuminate\\Database\\Migrations\\Migration@anonymous->up()
#10 C:\\Users\\BENJA\\OneDrive\\Desktop\\backend prueba\\backend-tdw\\vendor\\laravel\\framework\\src\\Illuminate\\Database\\Migrations\\Migrator.php(406): Illuminate\\Database\\Migrations\\Migrator->runMethod()
#11 C:\\Users\\BENJA\\OneDrive\\Desktop\\backend prueba\\backend-tdw\\vendor\\laravel\\framework\\src\\Illuminate\\Database\\Migrations\\Migrator.php(415): Illuminate\\Database\\Migrations\\Migrator->Illuminate\\Database\\Migrations\\{closure}()
#12 C:\\Users\\BENJA\\OneDrive\\Desktop\\backend prueba\\backend-tdw\\vendor\\laravel\\framework\\src\\Illuminate\\Database\\Migrations\\Migrator.php(216): Illuminate\\Database\\Migrations\\Migrator->runMigration()
#13 C:\\Users\\BENJA\\OneDrive\\Desktop\\backend prueba\\backend-tdw\\vendor\\laravel\\framework\\src\\Illuminate\\Console\\View\\Components\\Task.php(37): Illuminate\\Database\\Migrations\\Migrator->Illuminate\\Database\\Migrations\\{closure}()
#14 C:\\Users\\BENJA\\OneDrive\\Desktop\\backend prueba\\backend-tdw\\vendor\\laravel\\framework\\src\\Illuminate\\Database\\Migrations\\Migrator.php(751): Illuminate\\Console\\View\\Components\\Task->render()
#15 C:\\Users\\BENJA\\OneDrive\\Desktop\\backend prueba\\backend-tdw\\vendor\\laravel\\framework\\src\\Illuminate\\Database\\Migrations\\Migrator.php(216): Illuminate\\Database\\Migrations\\Migrator->write()
#16 C:\\Users\\BENJA\\OneDrive\\Desktop\\backend prueba\\backend-tdw\\vendor\\laravel\\framework\\src\\Illuminate\\Database\\Migrations\\Migrator.php(181): Illuminate\\Database\\Migrations\\Migrator->runUp()
#17 C:\\Users\\BENJA\\OneDrive\\Desktop\\backend prueba\\backend-tdw\\vendor\\laravel\\framework\\src\\Illuminate\\Database\\Migrations\\Migrator.php(124): Illuminate\\Database\\Migrations\\Migrator->runPending()
#18 C:\\Users\\BENJA\\OneDrive\\Desktop\\backend prueba\\backend-tdw\\vendor\\laravel\\framework\\src\\Illuminate\\Database\\Console\\Migrations\\MigrateCommand.php(90): Illuminate\\Database\\Migrations\\Migrator->run()
#19 C:\\Users\\BENJA\\OneDrive\\Desktop\\backend prueba\\backend-tdw\\vendor\\laravel\\framework\\src\\Illuminate\\Database\\Migrations\\Migrator.php(628): Illuminate\\Database\\Console\\Migrations\\MigrateCommand->Illuminate\\Database\\Console\\Migrations\\{closure}()
#20 C:\\Users\\BENJA\\OneDrive\\Desktop\\backend prueba\\backend-tdw\\vendor\\laravel\\framework\\src\\Illuminate\\Database\\Console\\Migrations\\MigrateCommand.php(102): Illuminate\\Database\\Migrations\\Migrator->usingConnection()
#21 C:\\Users\\BENJA\\OneDrive\\Desktop\\backend prueba\\backend-tdw\\vendor\\laravel\\framework\\src\\Illuminate\\Container\\BoundMethod.php(36): Illuminate\\Database\\Console\\Migrations\\MigrateCommand->handle()
#22 C:\\Users\\BENJA\\OneDrive\\Desktop\\backend prueba\\backend-tdw\\vendor\\laravel\\framework\\src\\Illuminate\\Container\\Util.php(41): Illuminate\\Container\\BoundMethod::Illuminate\\Container\\{closure}()
#23 C:\\Users\\BENJA\\OneDrive\\Desktop\\backend prueba\\backend-tdw\\vendor\\laravel\\framework\\src\\Illuminate\\Container\\BoundMethod.php(93): Illuminate\\Container\\Util::unwrapIfClosure()
#24 C:\\Users\\BENJA\\OneDrive\\Desktop\\backend prueba\\backend-tdw\\vendor\\laravel\\framework\\src\\Illuminate\\Container\\BoundMethod.php(37): Illuminate\\Container\\BoundMethod::callBoundMethod()
#25 C:\\Users\\BENJA\\OneDrive\\Desktop\\backend prueba\\backend-tdw\\vendor\\laravel\\framework\\src\\Illuminate\\Container\\Container.php(661): Illuminate\\Container\\BoundMethod::call()
#26 C:\\Users\\BENJA\\OneDrive\\Desktop\\backend prueba\\backend-tdw\\vendor\\laravel\\framework\\src\\Illuminate\\Console\\Command.php(183): Illuminate\\Container\\Container->call()
#27 C:\\Users\\BENJA\\OneDrive\\Desktop\\backend prueba\\backend-tdw\\vendor\\symfony\\console\\Command\\Command.php(326): Illuminate\\Console\\Command->execute()
#28 C:\\Users\\BENJA\\OneDrive\\Desktop\\backend prueba\\backend-tdw\\vendor\\laravel\\framework\\src\\Illuminate\\Console\\Command.php(153): Symfony\\Component\\Console\\Command\\Command->run()
#29 C:\\Users\\BENJA\\OneDrive\\Desktop\\backend prueba\\backend-tdw\\vendor\\symfony\\console\\Application.php(1063): Illuminate\\Console\\Command->run()
#30 C:\\Users\\BENJA\\OneDrive\\Desktop\\backend prueba\\backend-tdw\\vendor\\symfony\\console\\Application.php(320): Symfony\\Component\\Console\\Application->doRunCommand()
#31 C:\\Users\\BENJA\\OneDrive\\Desktop\\backend prueba\\backend-tdw\\vendor\\symfony\\console\\Application.php(174): Symfony\\Component\\Console\\Application->doRun()
#32 C:\\Users\\BENJA\\OneDrive\\Desktop\\backend prueba\\backend-tdw\\vendor\\laravel\\framework\\src\\Illuminate\\Console\\Application.php(102): Symfony\\Component\\Console\\Application->run()
#33 C:\\Users\\BENJA\\OneDrive\\Desktop\\backend prueba\\backend-tdw\\vendor\\laravel\\framework\\src\\Illuminate\\Foundation\\Console\\Kernel.php(155): Illuminate\\Console\\Application->run()
#34 C:\\Users\\BENJA\\OneDrive\\Desktop\\backend prueba\\backend-tdw\\artisan(37): Illuminate\\Foundation\\Console\\Kernel->handle()
#35 {main}
"} 
[2023-11-28 18:09:42] local.ERROR: SQLSTATE[42S01]: Base table or view already exists: 1050 Table 'interaccion' already exists (SQL: create table `interaccion` (`id` bigint unsigned not null auto_increment primary key, `idDogI` varchar(255) not null, `idDogC` varchar(255) not null, `preference` varchar(255) not null, `created_at` timestamp null, `updated_at` timestamp null) default character set utf8mb4 collate 'utf8mb4_unicode_ci') {"exception":"[object] (Illuminate\\Database\\QueryException(code: 42S01): SQLSTATE[42S01]: Base table or view already exists: 1050 Table 'interaccion' already exists (SQL: create table `interaccion` (`id` bigint unsigned not null auto_increment primary key, `idDogI` varchar(255) not null, `idDogC` varchar(255) not null, `preference` varchar(255) not null, `created_at` timestamp null, `updated_at` timestamp null) default character set utf8mb4 collate 'utf8mb4_unicode_ci') at C:\\Users\\BENJA\\OneDrive\\Desktop\\backend prueba\\backend-tdw\\vendor\\laravel\\framework\\src\\Illuminate\\Database\\Connection.php:760)
[stacktrace]
#0 C:\\Users\\BENJA\\OneDrive\\Desktop\\backend prueba\\backend-tdw\\vendor\\laravel\\framework\\src\\Illuminate\\Database\\Connection.php(720): Illuminate\\Database\\Connection->runQueryCallback()
#1 C:\\Users\\BENJA\\OneDrive\\Desktop\\backend prueba\\backend-tdw\\vendor\\laravel\\framework\\src\\Illuminate\\Database\\Connection.php(546): Illuminate\\Database\\Connection->run()
#2 C:\\Users\\BENJA\\OneDrive\\Desktop\\backend prueba\\backend-tdw\\vendor\\laravel\\framework\\src\\Illuminate\\Database\\Schema\\Blueprint.php(109): Illuminate\\Database\\Connection->statement()
#3 C:\\Users\\BENJA\\OneDrive\\Desktop\\backend prueba\\backend-tdw\\vendor\\laravel\\framework\\src\\Illuminate\\Database\\Schema\\Builder.php(439): Illuminate\\Database\\Schema\\Blueprint->build()
#4 C:\\Users\\BENJA\\OneDrive\\Desktop\\backend prueba\\backend-tdw\\vendor\\laravel\\framework\\src\\Illuminate\\Database\\Schema\\Builder.php(285): Illuminate\\Database\\Schema\\Builder->build()
#5 C:\\Users\\BENJA\\OneDrive\\Desktop\\backend prueba\\backend-tdw\\vendor\\laravel\\framework\\src\\Illuminate\\Support\\Facades\\Facade.php(338): Illuminate\\Database\\Schema\\Builder->create()
#6 C:\\Users\\BENJA\\OneDrive\\Desktop\\backend prueba\\backend-tdw\\database\\migrations\\2023_11_27_192339_create_interaccion_table.php(20): Illuminate\\Support\\Facades\\Facade::__callStatic()
#7 C:\\Users\\BENJA\\OneDrive\\Desktop\\backend prueba\\backend-tdw\\vendor\\laravel\\framework\\src\\Illuminate\\Database\\Migrations\\Migrator.php(488): Illuminate\\Database\\Migrations\\Migration@anonymous->up()
#8 C:\\Users\\BENJA\\OneDrive\\Desktop\\backend prueba\\backend-tdw\\vendor\\laravel\\framework\\src\\Illuminate\\Database\\Migrations\\Migrator.php(406): Illuminate\\Database\\Migrations\\Migrator->runMethod()
#9 C:\\Users\\BENJA\\OneDrive\\Desktop\\backend prueba\\backend-tdw\\vendor\\laravel\\framework\\src\\Illuminate\\Database\\Migrations\\Migrator.php(415): Illuminate\\Database\\Migrations\\Migrator->Illuminate\\Database\\Migrations\\{closure}()
#10 C:\\Users\\BENJA\\OneDrive\\Desktop\\backend prueba\\backend-tdw\\vendor\\laravel\\framework\\src\\Illuminate\\Database\\Migrations\\Migrator.php(216): Illuminate\\Database\\Migrations\\Migrator->runMigration()
#11 C:\\Users\\BENJA\\OneDrive\\Desktop\\backend prueba\\backend-tdw\\vendor\\laravel\\framework\\src\\Illuminate\\Console\\View\\Components\\Task.php(37): Illuminate\\Database\\Migrations\\Migrator->Illuminate\\Database\\Migrations\\{closure}()
#12 C:\\Users\\BENJA\\OneDrive\\Desktop\\backend prueba\\backend-tdw\\vendor\\laravel\\framework\\src\\Illuminate\\Database\\Migrations\\Migrator.php(751): Illuminate\\Console\\View\\Components\\Task->render()
#13 C:\\Users\\BENJA\\OneDrive\\Desktop\\backend prueba\\backend-tdw\\vendor\\laravel\\framework\\src\\Illuminate\\Database\\Migrations\\Migrator.php(216): Illuminate\\Database\\Migrations\\Migrator->write()
#14 C:\\Users\\BENJA\\OneDrive\\Desktop\\backend prueba\\backend-tdw\\vendor\\laravel\\framework\\src\\Illuminate\\Database\\Migrations\\Migrator.php(181): Illuminate\\Database\\Migrations\\Migrator->runUp()
#15 C:\\Users\\BENJA\\OneDrive\\Desktop\\backend prueba\\backend-tdw\\vendor\\laravel\\framework\\src\\Illuminate\\Database\\Migrations\\Migrator.php(124): Illuminate\\Database\\Migrations\\Migrator->runPending()
#16 C:\\Users\\BENJA\\OneDrive\\Desktop\\backend prueba\\backend-tdw\\vendor\\laravel\\framework\\src\\Illuminate\\Database\\Console\\Migrations\\MigrateCommand.php(90): Illuminate\\Database\\Migrations\\Migrator->run()
#17 C:\\Users\\BENJA\\OneDrive\\Desktop\\backend prueba\\backend-tdw\\vendor\\laravel\\framework\\src\\Illuminate\\Database\\Migrations\\Migrator.php(628): Illuminate\\Database\\Console\\Migrations\\MigrateCommand->Illuminate\\Database\\Console\\Migrations\\{closure}()
#18 C:\\Users\\BENJA\\OneDrive\\Desktop\\backend prueba\\backend-tdw\\vendor\\laravel\\framework\\src\\Illuminate\\Database\\Console\\Migrations\\MigrateCommand.php(102): Illuminate\\Database\\Migrations\\Migrator->usingConnection()
#19 C:\\Users\\BENJA\\OneDrive\\Desktop\\backend prueba\\backend-tdw\\vendor\\laravel\\framework\\src\\Illuminate\\Container\\BoundMethod.php(36): Illuminate\\Database\\Console\\Migrations\\MigrateCommand->handle()
#20 C:\\Users\\BENJA\\OneDrive\\Desktop\\backend prueba\\backend-tdw\\vendor\\laravel\\framework\\src\\Illuminate\\Container\\Util.php(41): Illuminate\\Container\\BoundMethod::Illuminate\\Container\\{closure}()
#21 C:\\Users\\BENJA\\OneDrive\\Desktop\\backend prueba\\backend-tdw\\vendor\\laravel\\framework\\src\\Illuminate\\Container\\BoundMethod.php(93): Illuminate\\Container\\Util::unwrapIfClosure()
#22 C:\\Users\\BENJA\\OneDrive\\Desktop\\backend prueba\\backend-tdw\\vendor\\laravel\\framework\\src\\Illuminate\\Container\\BoundMethod.php(37): Illuminate\\Container\\BoundMethod::callBoundMethod()
#23 C:\\Users\\BENJA\\OneDrive\\Desktop\\backend prueba\\backend-tdw\\vendor\\laravel\\framework\\src\\Illuminate\\Container\\Container.php(661): Illuminate\\Container\\BoundMethod::call()
#24 C:\\Users\\BENJA\\OneDrive\\Desktop\\backend prueba\\backend-tdw\\vendor\\laravel\\framework\\src\\Illuminate\\Console\\Command.php(183): Illuminate\\Container\\Container->call()
#25 C:\\Users\\BENJA\\OneDrive\\Desktop\\backend prueba\\backend-tdw\\vendor\\symfony\\console\\Command\\Command.php(326): Illuminate\\Console\\Command->execute()
#26 C:\\Users\\BENJA\\OneDrive\\Desktop\\backend prueba\\backend-tdw\\vendor\\laravel\\framework\\src\\Illuminate\\Console\\Command.php(153): Symfony\\Component\\Console\\Command\\Command->run()
#27 C:\\Users\\BENJA\\OneDrive\\Desktop\\backend prueba\\backend-tdw\\vendor\\symfony\\console\\Application.php(1063): Illuminate\\Console\\Command->run()
#28 C:\\Users\\BENJA\\OneDrive\\Desktop\\backend prueba\\backend-tdw\\vendor\\symfony\\console\\Application.php(320): Symfony\\Component\\Console\\Application->doRunCommand()
#29 C:\\Users\\BENJA\\OneDrive\\Desktop\\backend prueba\\backend-tdw\\vendor\\symfony\\console\\Application.php(174): Symfony\\Component\\Console\\Application->doRun()
#30 C:\\Users\\BENJA\\OneDrive\\Desktop\\backend prueba\\backend-tdw\\vendor\\laravel\\framework\\src\\Illuminate\\Console\\Application.php(102): Symfony\\Component\\Console\\Application->run()
#31 C:\\Users\\BENJA\\OneDrive\\Desktop\\backend prueba\\backend-tdw\\vendor\\laravel\\framework\\src\\Illuminate\\Foundation\\Console\\Kernel.php(155): Illuminate\\Console\\Application->run()
#32 C:\\Users\\BENJA\\OneDrive\\Desktop\\backend prueba\\backend-tdw\\artisan(37): Illuminate\\Foundation\\Console\\Kernel->handle()
#33 {main}

[previous exception] [object] (PDOException(code: 42S01): SQLSTATE[42S01]: Base table or view already exists: 1050 Table 'interaccion' already exists at C:\\Users\\BENJA\\OneDrive\\Desktop\\backend prueba\\backend-tdw\\vendor\\laravel\\framework\\src\\Illuminate\\Database\\Connection.php:545)
[stacktrace]
#0 C:\\Users\\BENJA\\OneDrive\\Desktop\\backend prueba\\backend-tdw\\vendor\\laravel\\framework\\src\\Illuminate\\Database\\Connection.php(545): PDOStatement->execute()
#1 C:\\Users\\BENJA\\OneDrive\\Desktop\\backend prueba\\backend-tdw\\vendor\\laravel\\framework\\src\\Illuminate\\Database\\Connection.php(753): Illuminate\\Database\\Connection->Illuminate\\Database\\{closure}()
#2 C:\\Users\\BENJA\\OneDrive\\Desktop\\backend prueba\\backend-tdw\\vendor\\laravel\\framework\\src\\Illuminate\\Database\\Connection.php(720): Illuminate\\Database\\Connection->runQueryCallback()
#3 C:\\Users\\BENJA\\OneDrive\\Desktop\\backend prueba\\backend-tdw\\vendor\\laravel\\framework\\src\\Illuminate\\Database\\Connection.php(546): Illuminate\\Database\\Connection->run()
#4 C:\\Users\\BENJA\\OneDrive\\Desktop\\backend prueba\\backend-tdw\\vendor\\laravel\\framework\\src\\Illuminate\\Database\\Schema\\Blueprint.php(109): Illuminate\\Database\\Connection->statement()
#5 C:\\Users\\BENJA\\OneDrive\\Desktop\\backend prueba\\backend-tdw\\vendor\\laravel\\framework\\src\\Illuminate\\Database\\Schema\\Builder.php(439): Illuminate\\Database\\Schema\\Blueprint->build()
#6 C:\\Users\\BENJA\\OneDrive\\Desktop\\backend prueba\\backend-tdw\\vendor\\laravel\\framework\\src\\Illuminate\\Database\\Schema\\Builder.php(285): Illuminate\\Database\\Schema\\Builder->build()
#7 C:\\Users\\BENJA\\OneDrive\\Desktop\\backend prueba\\backend-tdw\\vendor\\laravel\\framework\\src\\Illuminate\\Support\\Facades\\Facade.php(338): Illuminate\\Database\\Schema\\Builder->create()
#8 C:\\Users\\BENJA\\OneDrive\\Desktop\\backend prueba\\backend-tdw\\database\\migrations\\2023_11_27_192339_create_interaccion_table.php(20): Illuminate\\Support\\Facades\\Facade::__callStatic()
#9 C:\\Users\\BENJA\\OneDrive\\Desktop\\backend prueba\\backend-tdw\\vendor\\laravel\\framework\\src\\Illuminate\\Database\\Migrations\\Migrator.php(488): Illuminate\\Database\\Migrations\\Migration@anonymous->up()
#10 C:\\Users\\BENJA\\OneDrive\\Desktop\\backend prueba\\backend-tdw\\vendor\\laravel\\framework\\src\\Illuminate\\Database\\Migrations\\Migrator.php(406): Illuminate\\Database\\Migrations\\Migrator->runMethod()
#11 C:\\Users\\BENJA\\OneDrive\\Desktop\\backend prueba\\backend-tdw\\vendor\\laravel\\framework\\src\\Illuminate\\Database\\Migrations\\Migrator.php(415): Illuminate\\Database\\Migrations\\Migrator->Illuminate\\Database\\Migrations\\{closure}()
#12 C:\\Users\\BENJA\\OneDrive\\Desktop\\backend prueba\\backend-tdw\\vendor\\laravel\\framework\\src\\Illuminate\\Database\\Migrations\\Migrator.php(216): Illuminate\\Database\\Migrations\\Migrator->runMigration()
#13 C:\\Users\\BENJA\\OneDrive\\Desktop\\backend prueba\\backend-tdw\\vendor\\laravel\\framework\\src\\Illuminate\\Console\\View\\Components\\Task.php(37): Illuminate\\Database\\Migrations\\Migrator->Illuminate\\Database\\Migrations\\{closure}()
#14 C:\\Users\\BENJA\\OneDrive\\Desktop\\backend prueba\\backend-tdw\\vendor\\laravel\\framework\\src\\Illuminate\\Database\\Migrations\\Migrator.php(751): Illuminate\\Console\\View\\Components\\Task->render()
#15 C:\\Users\\BENJA\\OneDrive\\Desktop\\backend prueba\\backend-tdw\\vendor\\laravel\\framework\\src\\Illuminate\\Database\\Migrations\\Migrator.php(216): Illuminate\\Database\\Migrations\\Migrator->write()
#16 C:\\Users\\BENJA\\OneDrive\\Desktop\\backend prueba\\backend-tdw\\vendor\\laravel\\framework\\src\\Illuminate\\Database\\Migrations\\Migrator.php(181): Illuminate\\Database\\Migrations\\Migrator->runUp()
#17 C:\\Users\\BENJA\\OneDrive\\Desktop\\backend prueba\\backend-tdw\\vendor\\laravel\\framework\\src\\Illuminate\\Database\\Migrations\\Migrator.php(124): Illuminate\\Database\\Migrations\\Migrator->runPending()
#18 C:\\Users\\BENJA\\OneDrive\\Desktop\\backend prueba\\backend-tdw\\vendor\\laravel\\framework\\src\\Illuminate\\Database\\Console\\Migrations\\MigrateCommand.php(90): Illuminate\\Database\\Migrations\\Migrator->run()
#19 C:\\Users\\BENJA\\OneDrive\\Desktop\\backend prueba\\backend-tdw\\vendor\\laravel\\framework\\src\\Illuminate\\Database\\Migrations\\Migrator.php(628): Illuminate\\Database\\Console\\Migrations\\MigrateCommand->Illuminate\\Database\\Console\\Migrations\\{closure}()
#20 C:\\Users\\BENJA\\OneDrive\\Desktop\\backend prueba\\backend-tdw\\vendor\\laravel\\framework\\src\\Illuminate\\Database\\Console\\Migrations\\MigrateCommand.php(102): Illuminate\\Database\\Migrations\\Migrator->usingConnection()
#21 C:\\Users\\BENJA\\OneDrive\\Desktop\\backend prueba\\backend-tdw\\vendor\\laravel\\framework\\src\\Illuminate\\Container\\BoundMethod.php(36): Illuminate\\Database\\Console\\Migrations\\MigrateCommand->handle()
#22 C:\\Users\\BENJA\\OneDrive\\Desktop\\backend prueba\\backend-tdw\\vendor\\laravel\\framework\\src\\Illuminate\\Container\\Util.php(41): Illuminate\\Container\\BoundMethod::Illuminate\\Container\\{closure}()
#23 C:\\Users\\BENJA\\OneDrive\\Desktop\\backend prueba\\backend-tdw\\vendor\\laravel\\framework\\src\\Illuminate\\Container\\BoundMethod.php(93): Illuminate\\Container\\Util::unwrapIfClosure()
#24 C:\\Users\\BENJA\\OneDrive\\Desktop\\backend prueba\\backend-tdw\\vendor\\laravel\\framework\\src\\Illuminate\\Container\\BoundMethod.php(37): Illuminate\\Container\\BoundMethod::callBoundMethod()
#25 C:\\Users\\BENJA\\OneDrive\\Desktop\\backend prueba\\backend-tdw\\vendor\\laravel\\framework\\src\\Illuminate\\Container\\Container.php(661): Illuminate\\Container\\BoundMethod::call()
#26 C:\\Users\\BENJA\\OneDrive\\Desktop\\backend prueba\\backend-tdw\\vendor\\laravel\\framework\\src\\Illuminate\\Console\\Command.php(183): Illuminate\\Container\\Container->call()
#27 C:\\Users\\BENJA\\OneDrive\\Desktop\\backend prueba\\backend-tdw\\vendor\\symfony\\console\\Command\\Command.php(326): Illuminate\\Console\\Command->execute()
#28 C:\\Users\\BENJA\\OneDrive\\Desktop\\backend prueba\\backend-tdw\\vendor\\laravel\\framework\\src\\Illuminate\\Console\\Command.php(153): Symfony\\Component\\Console\\Command\\Command->run()
#29 C:\\Users\\BENJA\\OneDrive\\Desktop\\backend prueba\\backend-tdw\\vendor\\symfony\\console\\Application.php(1063): Illuminate\\Console\\Command->run()
#30 C:\\Users\\BENJA\\OneDrive\\Desktop\\backend prueba\\backend-tdw\\vendor\\symfony\\console\\Application.php(320): Symfony\\Component\\Console\\Application->doRunCommand()
#31 C:\\Users\\BENJA\\OneDrive\\Desktop\\backend prueba\\backend-tdw\\vendor\\symfony\\console\\Application.php(174): Symfony\\Component\\Console\\Application->doRun()
#32 C:\\Users\\BENJA\\OneDrive\\Desktop\\backend prueba\\backend-tdw\\vendor\\laravel\\framework\\src\\Illuminate\\Console\\Application.php(102): Symfony\\Component\\Console\\Application->run()
#33 C:\\Users\\BENJA\\OneDrive\\Desktop\\backend prueba\\backend-tdw\\vendor\\laravel\\framework\\src\\Illuminate\\Foundation\\Console\\Kernel.php(155): Illuminate\\Console\\Application->run()
#34 C:\\Users\\BENJA\\OneDrive\\Desktop\\backend prueba\\backend-tdw\\artisan(37): Illuminate\\Foundation\\Console\\Kernel->handle()
#35 {main}
"} 
